<?xml version="1.0" encoding="UTF-8"?>
<!-- Generated by org.testng.reporters.JUnitReportReporter -->
<testsuite hostname="Mapletech" failures="0" tests="1" name="Practice1_Test" time="0.020" errors="0" timestamp="2023-05-05T21:25:20 IST" skipped="0">
  <testcase classname="Practice1_Test" name="test" time="0.020"/>
  <system-out/>
</testsuite> <!-- Practice1_Test -->
