<?xml version="1.0" encoding="UTF-8"?>
<!-- Generated by org.testng.reporters.JUnitReportReporter -->
<testsuite hostname="Mapletech" failures="0" tests="1" name="Practice4_Test" time="0.012" errors="0" timestamp="2023-05-05T21:26:43 IST" skipped="0">
  <testcase classname="Practice4_Test" name="test" time="0.012"/>
  <system-out/>
</testsuite> <!-- Practice4_Test -->
